
Traceback (most recent call last):
  File "server.py", line 8, in <module>
    serve(application, threads=5, port='8800', host='127.0.0.1')
  File "/home/students/Networks/networks/lib/python3.6/site-packages/waitress/__init__.py", line 12, in serve
    server = _server(app, **kw)
  File "/home/students/Networks/networks/lib/python3.6/site-packages/waitress/server.py", line 88, in create_server
    sockinfo=sockinfo,
  File "/home/students/Networks/networks/lib/python3.6/site-packages/waitress/server.py", line 239, in __init__
    self.bind_server_socket()
  File "/home/students/Networks/networks/lib/python3.6/site-packages/waitress/server.py", line 368, in bind_server_socket
    self.bind(sockaddr)
  File "/home/students/Networks/networks/lib/python3.6/site-packages/waitress/wasyncore.py", line 398, in bind
    return self.socket.bind(addr)
OSError: [Errno 98] Address already in use

During handling of the above exception, another exception occurred:

Traceback (most recent call last):
  File "server.py", line 10, in <module>
    serve(application, threads=5, port='8801', host='127.0.0.1')
  File "/home/students/Networks/networks/lib/python3.6/site-packages/waitress/__init__.py", line 12, in serve
    server = _server(app, **kw)
  File "/home/students/Networks/networks/lib/python3.6/site-packages/waitress/server.py", line 88, in create_server
    sockinfo=sockinfo,
  File "/home/students/Networks/networks/lib/python3.6/site-packages/waitress/server.py", line 239, in __init__
    self.bind_server_socket()
  File "/home/students/Networks/networks/lib/python3.6/site-packages/waitress/server.py", line 368, in bind_server_socket
    self.bind(sockaddr)
  File "/home/students/Networks/networks/lib/python3.6/site-packages/waitress/wasyncore.py", line 398, in bind
    return self.socket.bind(addr)
OSError: [Errno 98] Address already in use
WARNING:django.request:Not Found: /favicon.ico
WARNING:django.request:Not Found: /favicon.ico
WARNING:django.request:Not Found: /administrator/index.php
WARNING:django.request:Not Found: /favicon.ico
WARNING:django.request:Not Found: /favicon.ico
WARNING:django.request:Not Found: /favicon.ico
WARNING:django.request:Not Found: /favicon.ico
WARNING:django.request:Not Found: /robots.txt
WARNING:django.request:Not Found: /index.php
WARNING:django.request:Not Found: /favicon.ico
WARNING:django.request:Not Found: /favicon.ico
WARNING:django.request:Not Found: /robots.txt
WARNING:django.request:Not Found: /favicon.ico
WARNING:django.request:Not Found: /favicon.ico
WARNING:django.request:Not Found: /apple-touch-icon-120x120-precomposed.png
WARNING:django.request:Not Found: /apple-touch-icon-120x120.png
WARNING:django.request:Not Found: /apple-touch-icon-precomposed.png
WARNING:django.request:Not Found: /apple-touch-icon.png
WARNING:django.request:Not Found: /favicon.ico
WARNING:django.request:Not Found: /favicon.ico
WARNING:django.request:Not Found: /favicon.ico
WARNING:django.request:Not Found: /robots.txt
WARNING:django.request:Not Found: /favicon.ico
WARNING:django.request:Not Found: /favicon.ico
WARNING:django.request:Not Found: /favicon.ico
WARNING:django.request:Not Found: /favicon.ico
WARNING:django.request:Not Found: /favicon.ico
WARNING:django.request:Not Found: /favicon.ico
WARNING:django.request:Not Found: /favicon.ico
WARNING:django.request:Not Found: /favicon.ico
WARNING:django.request:Not Found: /favicon.ico
WARNING:django.request:Not Found: /favicon.ico
WARNING:django.request:Not Found: /favicon.ico
WARNING:django.request:Not Found: /favicon.ico
WARNING:django.request:Not Found: /favicon.ico
WARNING:django.request:Not Found: /.
WARNING:django.request:Not Found: /favicon.ico
WARNING:django.request:Not Found: /favicon.ico
WARNING:django.request:Not Found: /favicon.ico
WARNING:django.request:Not Found: /favicon.ico
WARNING:django.request:Not Found: /favicon.ico
WARNING:django.request:Not Found: /favicon.ico
WARNING:django.request:Not Found: /favicon.ico
WARNING:django.request:Not Found: /favicon.ico
WARNING:django.request:Not Found: /favicon.ico
WARNING:django.request:Not Found: /favicon.ico
WARNING:django.request:Not Found: /robots.txt
WARNING:django.request:Not Found: /favicon.ico
WARNING:django.request:Not Found: /favicon.ico
WARNING:django.request:Not Found: /favicon.ico
WARNING:django.request:Not Found: /favicon.ico
WARNING:django.request:Not Found: /favicon.ico
WARNING:django.request:Not Found: /favicon.ico
WARNING:django.request:Not Found: /favicon.ico
WARNING:django.request:Not Found: /robots.txt
WARNING:django.request:Not Found: /robots.txt
WARNING:django.request:Not Found: /favicon.ico
WARNING:django.request:Not Found: /favicon.ico
WARNING:django.request:Not Found: /favicon.ico
WARNING:django.request:Not Found: /favicon.ico
WARNING:django.request:Not Found: /favicon.ico
WARNING:django.request:Not Found: /favicon.ico
WARNING:django.request:Not Found: /favicon.ico
WARNING:django.request:Not Found: /favicon.ico
WARNING:django.request:Not Found: /favicon.ico
WARNING:django.request:Not Found: /favicon.ico
WARNING:django.request:Not Found: /favicon.ico
WARNING:django.request:Not Found: /favicon.ico
WARNING:django.request:Not Found: /robots.txt
WARNING:django.request:Not Found: /.
WARNING:django.request:Not Found: /favicon.ico
WARNING:django.request:Not Found: /favicon.ico
WARNING:django.request:Not Found: /favicon.ico
WARNING:django.request:Not Found: /favicon.ico
WARNING:django.request:Not Found: /favicon.ico
WARNING:django.request:Not Found: /favicon.ico
WARNING:django.request:Not Found: /favicon.ico
WARNING:django.request:Not Found: /favicon.ico
WARNING:django.request:Not Found: /favicon.ico
WARNING:django.request:Not Found: /favicon.ico
WARNING:django.request:Not Found: /favicon.ico
WARNING:django.request:Not Found: /favicon.ico
WARNING:django.request:Not Found: /favicon.ico
WARNING:django.request:Not Found: /favicon.ico
WARNING:django.request:Not Found: /favicon.ico
WARNING:django.request:Not Found: /favicon.ico
WARNING:django.request:Not Found: /robots.txt
WARNING:django.request:Not Found: /favicon.ico
WARNING:django.request:Not Found: /favicon.ico
WARNING:django.request:Not Found: /robots.txt
WARNING:django.request:Not Found: /favicon.ico
WARNING:django.request:Not Found: /favicon.ico
WARNING:django.request:Not Found: /favicon.ico
WARNING:django.request:Not Found: /favicon.ico
WARNING:django.request:Not Found: /favicon.ico
WARNING:django.request:Not Found: /favicon.ico
WARNING:django.request:Not Found: /robots.txt
WARNING:django.request:Not Found: /favicon.ico
WARNING:django.request:Not Found: /favicon.ico
WARNING:django.request:Not Found: /favicon.ico
WARNING:django.request:Not Found: /favicon.ico
WARNING:django.request:Not Found: /favicon.ico
WARNING:django.request:Not Found: /favicon.ico
WARNING:django.request:Not Found: /favicon.ico
WARNING:django.request:Not Found: /favicon.ico
WARNING:django.request:Not Found: /robots.txt
WARNING:django.request:Not Found: /favicon.ico
WARNING:django.request:Not Found: /robots.txt
WARNING:django.request:Not Found: /favicon.ico
WARNING:django.request:Not Found: /robots.txt
WARNING:django.request:Not Found: /favicon.ico
WARNING:django.request:Not Found: /favicon.ico
WARNING:django.request:Not Found: /favicon.ico
WARNING:django.request:Not Found: /favicon.ico
WARNING:django.request:Not Found: /favicon.ico
WARNING:django.request:Not Found: /favicon.ico
WARNING:django.request:Not Found: /robots.txt
WARNING:django.request:Not Found: /index.php
WARNING:django.request:Not Found: /index.php
WARNING:django.request:Not Found: /favicon.ico
WARNING:django.request:Not Found: /favicon.ico
WARNING:django.request:Not Found: /favicon.ico
WARNING:django.request:Not Found: /favicon.ico
WARNING:django.request:Not Found: /favicon.ico
WARNING:django.request:Not Found: /favicon.ico
WARNING:django.request:Not Found: /favicon.ico
WARNING:django.request:Not Found: /favicon.ico
WARNING:django.request:Not Found: /robots.txt
WARNING:django.request:Not Found: /xmlrpc.php
WARNING:django.request:Not Found: /favicon.ico
WARNING:django.request:Not Found: /index.php
WARNING:django.request:Not Found: /favicon.ico
WARNING:django.request:Not Found: /favicon.ico
WARNING:django.request:Not Found: /favicon.ico
WARNING:django.request:Not Found: /favicon.ico
WARNING:django.request:Not Found: /favicon.ico
WARNING:django.request:Not Found: /favicon.ico
WARNING:django.request:Not Found: /favicon.ico
WARNING:django.request:Not Found: /favicon.ico
WARNING:django.request:Not Found: /favicon.ico
WARNING:django.request:Not Found: /favicon.ico
WARNING:django.request:Not Found: /favicon.ico
WARNING:django.request:Not Found: /index.php
WARNING:django.request:Not Found: /favicon.ico
WARNING:django.request:Not Found: /favicon.ico
WARNING:django.request:Not Found: /apple-touch-icon-120x120-precomposed.png
WARNING:django.request:Not Found: /favicon.ico
WARNING:django.request:Not Found: /apple-touch-icon-120x120.png
WARNING:django.request:Not Found: /apple-touch-icon-precomposed.png
WARNING:django.request:Not Found: /apple-touch-icon.png
WARNING:django.request:Not Found: /favicon.ico
WARNING:django.request:Not Found: /favicon.ico
WARNING:django.request:Not Found: /favicon.ico
WARNING:django.request:Not Found: /favicon.ico
WARNING:django.request:Not Found: /favicon.ico
WARNING:django.request:Not Found: /favicon.ico
WARNING:django.request:Not Found: /index.php
WARNING:django.request:Not Found: /favicon.ico
WARNING:django.request:Not Found: /favicon.ico
WARNING:django.request:Not Found: /favicon.ico
WARNING:django.request:Not Found: /favicon.ico
WARNING:django.request:Not Found: /xmlrpc.php
WARNING:django.request:Not Found: /robots.txt
WARNING:django.request:Not Found: /favicon.ico
WARNING:django.request:Not Found: /robots.txt
WARNING:django.request:Not Found: /apple-touch-icon.png
WARNING:django.request:Not Found: /favicon.ico
WARNING:django.request:Not Found: /css/album.css
WARNING:django.request:Not Found: /favicon.ico
WARNING:django.request:Not Found: /favicon.ico
WARNING:django.request:Not Found: /favicon.ico
WARNING:django.request:Not Found: /robots.txt
WARNING:django.request:Not Found: /robots.txt
WARNING:django.request:Not Found: /favicon.ico
WARNING:django.request:Not Found: /favicon.ico
WARNING:django.request:Not Found: /favicon.ico
WARNING:django.request:Not Found: /favicon.ico
WARNING:django.request:Not Found: /apple-touch-icon-precomposed.png
WARNING:django.request:Not Found: /favicon.ico
WARNING:django.request:Not Found: /favicon.ico
WARNING:django.request:Not Found: /favicon.ico
WARNING:django.request:Not Found: /favicon.ico
WARNING:django.request:Not Found: /favicon.ico
WARNING:django.request:Not Found: /favicon.ico
WARNING:waitress.queue:Task queue depth is 1
WARNING:django.request:Not Found: /favicon.ico
WARNING:django.request:Not Found: /favicon.ico
WARNING:django.request:Not Found: /favicon.ico
WARNING:django.request:Not Found: /favicon.ico
WARNING:django.request:Not Found: /favicon.ico
WARNING:django.request:Not Found: /apple-touch-icon-precomposed.png
WARNING:django.request:Not Found: /apple-touch-icon.png
WARNING:django.request:Not Found: /favicon.ico
WARNING:django.request:Not Found: /favicon.ico
WARNING:django.request:Not Found: /xxxss
WARNING:django.request:Not Found: /apple-touch-icon-57x57.png
WARNING:django.request:Not Found: /apple-touch-icon-57x57-precomposed.png
WARNING:django.request:Not Found: /router.php
WARNING:django.request:Not Found: /favicon.ico
WARNING:waitress.queue:Task queue depth is 1
WARNING:waitress.queue:Task queue depth is 2
WARNING:waitress.queue:Task queue depth is 3
WARNING:waitress.queue:Task queue depth is 4
WARNING:waitress.queue:Task queue depth is 1
WARNING:waitress.queue:Task queue depth is 2
WARNING:django.request:Not Found: /favicon.ico
WARNING:django.request:Not Found: /.
WARNING:django.request:Not Found: /.
WARNING:django.request:Not Found: /apple-touch-icon-57x57-precomposed.png
WARNING:django.request:Not Found: /favicon.ico
WARNING:django.request:Not Found: /robots.txt
WARNING:django.request:Not Found: /robots.txt
WARNING:django.request:Not Found: /favicon.ico
WARNING:django.request:Not Found: /favicon.ico
WARNING:django.request:Not Found: /favicon.ico
WARNING:django.request:Not Found: /favicon.ico
WARNING:django.request:Not Found: /favicon.ico
WARNING:django.request:Not Found: /favicon.ico
WARNING:django.request:Not Found: /data/admin/allowurl.txt
WARNING:django.request:Not Found: /robots.txt
WARNING:django.request:Not Found: /favicon.ico
WARNING:django.request:Not Found: /favicon.ico
WARNING:django.request:Not Found: /favicon.ico
WARNING:django.request:Not Found: /favicon.ico
WARNING:django.request:Not Found: /favicon.ico
WARNING:django.request:Not Found: /favicon.ico
WARNING:django.request:Not Found: /robots.txt
WARNING:django.request:Not Found: /apple-touch-icon-57x57.png
WARNING:django.request:Not Found: /apple-touch-icon.png
WARNING:django.request:Not Found: /apple-touch-icon-precomposed.png
WARNING:django.request:Not Found: /favicon.ico
WARNING:django.request:Not Found: /favicon.ico
WARNING:django.request:Not Found: /favicon.ico
WARNING:django.request:Not Found: /favicon.ico
WARNING:django.request:Not Found: /data/admin/allowurl.txt
WARNING:django.request:Not Found: /favicon.ico
WARNING:django.request:Not Found: /favicon.ico
WARNING:django.request:Not Found: /favicon.ico
WARNING:django.request:Not Found: /e/admin/index.php
WARNING:django.request:Not Found: /data/admin/allowurl.txt
WARNING:django.request:Not Found: /favicon.ico
WARNING:django.request:Not Found: /robots.txt
WARNING:django.request:Not Found: /favicon.ico
WARNING:django.request:Not Found: /favicon.ico
WARNING:django.request:Not Found: /xmlrpc.php
WARNING:django.request:Not Found: /data/admin/allowurl.txt
WARNING:django.request:Not Found: /favicon.ico
WARNING:django.request:Not Found: /favicon.ico
WARNING:django.request:Not Found: /favicon.ico
WARNING:django.request:Not Found: /favicon.ico
WARNING:django.request:Not Found: /favicon.ico
WARNING:django.request:Not Found: /favicon.ico
WARNING:django.request:Not Found: /favicon.ico
WARNING:django.request:Not Found: /favicon.ico
WARNING:django.request:Not Found: /favicon.ico
WARNING:django.request:Not Found: /favicon.ico
WARNING:django.request:Not Found: /xxxss
WARNING:django.request:Not Found: /images/layers-2x.png
WARNING:django.request:Not Found: /favicon.ico
WARNING:django.request:Not Found: /favicon.ico
WARNING:django.request:Not Found: /favicon.ico
WARNING:django.request:Not Found: /favicon.ico
WARNING:django.request:Not Found: /favicon.ico
WARNING:django.request:Not Found: /images/layers-2x.png
WARNING:django.request:Not Found: /favicon.ico
WARNING:django.request:Not Found: /favicon.ico
WARNING:django.request:Not Found: /favicon.ico
WARNING:django.request:Not Found: /favicon.ico
WARNING:django.request:Not Found: /favicon.ico
WARNING:django.request:Not Found: /robots.txt
WARNING:django.request:Not Found: /favicon.ico
WARNING:django.request:Not Found: /favicon.ico
WARNING:django.request:Not Found: /favicon.ico
WARNING:django.request:Not Found: /robots.txt
WARNING:django.request:Not Found: /favicon.ico
WARNING:django.request:Not Found: /favicon.ico
WARNING:django.request:Not Found: /favicon.ico
WARNING:django.request:Not Found: /favicon.ico
WARNING:django.request:Not Found: /favicon.ico
WARNING:django.request:Not Found: /favicon.ico
WARNING:django.request:Not Found: /favicon.ico
WARNING:django.request:Not Found: /robots.txt
WARNING:django.request:Not Found: /favicon.ico
WARNING:django.request:Not Found: /robots.txt
WARNING:django.request:Not Found: /favicon.ico
WARNING:django.request:Not Found: /favicon.ico
WARNING:django.request:Not Found: /apple-touch-icon.png
WARNING:django.request:Not Found: /favicon.ico
WARNING:django.request:Not Found: /favicon.ico
WARNING:django.request:Not Found: /favicon.ico
WARNING:django.request:Not Found: /favicon.ico
WARNING:django.request:Not Found: /robots.txt
WARNING:django.request:Not Found: /apple-touch-icon-precomposed.png
WARNING:django.request:Not Found: /favicon.ico
WARNING:django.request:Not Found: /favicon.ico
WARNING:django.request:Not Found: /favicon.ico
WARNING:django.request:Not Found: /favicon.ico
WARNING:django.request:Not Found: /favicon.ico
WARNING:django.request:Not Found: /favicon.ico
WARNING:django.request:Not Found: /favicon.ico
WARNING:django.request:Not Found: /favicon.ico
WARNING:django.request:Not Found: /favicon.ico
WARNING:django.request:Not Found: /favicon.ico
WARNING:django.request:Not Found: /favicon.ico
WARNING:django.request:Not Found: /favicon.ico
WARNING:django.request:Not Found: /favicon.ico
WARNING:django.request:Not Found: /favicon.ico
WARNING:django.request:Not Found: /favicon.ico
WARNING:django.request:Not Found: /robots.txt
WARNING:django.request:Not Found: /favicon.ico
WARNING:django.request:Not Found: /favicon.ico
WARNING:django.request:Not Found: /favicon.ico
WARNING:django.request:Not Found: /favicon.ico
WARNING:django.request:Not Found: /favicon.ico
WARNING:django.request:Not Found: /apple-touch-icon-57x57.png
WARNING:django.request:Not Found: /apple-touch-icon-57x57-precomposed.png
WARNING:django.request:Not Found: /apple-touch-icon.png
WARNING:django.request:Not Found: /favicon.ico
WARNING:django.request:Not Found: /robots.txt
WARNING:django.request:Not Found: /robots.txt
WARNING:django.request:Not Found: /favicon.ico
WARNING:django.request:Not Found: /favicon.ico
WARNING:django.request:Not Found: /favicon.ico
WARNING:django.request:Not Found: /favicon.ico
WARNING:django.request:Not Found: /favicon.ico
WARNING:django.request:Not Found: /favicon.ico
WARNING:django.request:Not Found: /favicon.ico
WARNING:django.request:Not Found: /favicon.ico
WARNING:django.request:Not Found: /favicon.ico
WARNING:django.request:Not Found: /favicon.ico
WARNING:django.request:Not Found: /robots.txt
WARNING:django.request:Not Found: /favicon.ico
WARNING:django.request:Not Found: /favicon.ico
WARNING:django.request:Not Found: /favicon.ico
WARNING:django.request:Not Found: /favicon.ico
WARNING:django.request:Not Found: /favicon.ico
WARNING:django.request:Not Found: /favicon.ico
WARNING:django.request:Not Found: /apple-touch-icon-57x57.png
WARNING:django.request:Not Found: /apple-touch-icon.png
WARNING:django.request:Not Found: /favicon.ico
WARNING:django.request:Not Found: /favicon.ico
WARNING:django.request:Not Found: /favicon.ico
WARNING:django.request:Not Found: /favicon.ico
WARNING:django.request:Not Found: /favicon.ico
WARNING:django.request:Not Found: /favicon.ico
WARNING:django.request:Not Found: /favicon.ico
WARNING:django.request:Not Found: /favicon.ico
WARNING:django.request:Not Found: /favicon.ico
WARNING:django.request:Not Found: /favicon.ico
WARNING:django.request:Not Found: /favicon.ico
WARNING:django.request:Not Found: /robots.txt
WARNING:django.request:Not Found: /apple-touch-icon-precomposed.png
WARNING:django.request:Not Found: /favicon.ico
WARNING:django.request:Not Found: /favicon.ico
WARNING:django.request:Not Found: /favicon.ico
WARNING:django.request:Not Found: /favicon.ico
WARNING:django.request:Not Found: /favicon.ico
WARNING:django.request:Not Found: /favicon.ico
WARNING:django.request:Not Found: /favicon.ico
WARNING:django.request:Not Found: /robots.txt
WARNING:django.request:Not Found: /favicon.ico
WARNING:django.request:Not Found: /favicon.ico
WARNING:django.request:Not Found: /favicon.ico
WARNING:django.request:Not Found: /favicon.ico
WARNING:django.request:Not Found: /favicon.ico
WARNING:django.request:Not Found: /favicon.ico
WARNING:django.request:Not Found: /js/common.js
WARNING:django.request:Not Found: /robots.txt
WARNING:django.request:Not Found: /favicon.ico
WARNING:django.request:Not Found: /favicon.ico
WARNING:django.request:Not Found: /robots.txt
WARNING:django.request:Not Found: /favicon.ico
WARNING:django.request:Not Found: /favicon.ico
WARNING:django.request:Not Found: /favicon.ico
WARNING:django.request:Not Found: /robots.txt
WARNING:django.request:Not Found: /favicon.ico
WARNING:django.request:Not Found: /index.php
WARNING:django.request:Not Found: /favicon.ico
WARNING:django.request:Not Found: /favicon.ico
WARNING:django.request:Not Found: /favicon.ico
WARNING:django.request:Not Found: /robots.txt
WARNING:django.request:Not Found: /favicon.ico
WARNING:django.request:Not Found: /favicon.ico
WARNING:django.request:Not Found: /apple-touch-icon-57x57-precomposed.png
WARNING:django.request:Not Found: /favicon.ico
WARNING:django.request:Not Found: /favicon.ico
WARNING:django.request:Not Found: /favicon.ico
WARNING:django.request:Not Found: /favicon.ico
WARNING:django.request:Not Found: /robots.txt
WARNING:django.request:Not Found: /robots.txt
WARNING:django.request:Not Found: /sitemap_index.xml
WARNING:django.request:Not Found: /sitemaps.xml
WARNING:django.request:Not Found: /sitemap.xml
WARNING:django.request:Not Found: /atom.xml
WARNING:django.request:Not Found: /sitemap.xml.gz
WARNING:django.request:Not Found: /robots.txt
WARNING:django.request:Not Found: /favicon.ico
WARNING:django.request:Not Found: /apple-touch-icon-57x57.png
WARNING:django.request:Not Found: /apple-touch-icon.png
WARNING:django.request:Not Found: /favicon.ico
WARNING:django.request:Not Found: /apple-touch-icon-precomposed.png
WARNING:django.request:Not Found: /favicon.ico
WARNING:django.request:Not Found: /favicon.ico
WARNING:django.request:Not Found: /robots.txt
WARNING:django.request:Not Found: /favicon.ico
WARNING:django.request:Not Found: /favicon.ico
WARNING:django.request:Not Found: /favicon.ico
WARNING:django.request:Not Found: /favicon.ico
WARNING:django.request:Not Found: /favicon.ico
WARNING:django.request:Not Found: /sitemap_index.xml
WARNING:django.request:Not Found: /sitemaps.xml
WARNING:django.request:Not Found: /atom.xml
WARNING:django.request:Not Found: /sitemap.xml
WARNING:django.request:Not Found: /sitemap.xml.gz
WARNING:django.request:Not Found: /favicon.ico
WARNING:django.request:Not Found: /robots.txt
WARNING:django.request:Not Found: /favicon.ico
WARNING:django.request:Not Found: /favicon.ico
WARNING:django.request:Not Found: /favicon.ico
WARNING:django.request:Not Found: /favicon.ico
WARNING:django.request:Not Found: /robots.txt
WARNING:django.request:Not Found: /favicon.ico
WARNING:django.request:Not Found: /favicon.ico
WARNING:django.request:Not Found: /favicon.ico
WARNING:django.request:Not Found: /favicon.ico
WARNING:django.request:Not Found: /favicon.ico
WARNING:django.request:Not Found: /favicon.ico
WARNING:django.request:Not Found: /favicon.ico
WARNING:django.request:Not Found: /favicon.ico
WARNING:django.request:Not Found: /favicon.ico
WARNING:django.request:Not Found: /favicon.ico
WARNING:django.request:Not Found: /favicon.ico
WARNING:django.request:Not Found: /favicon.ico
WARNING:django.request:Not Found: /index.php
WARNING:django.request:Not Found: /index.php
WARNING:django.request:Not Found: /favicon.ico
WARNING:django.request:Not Found: /robots.txt
WARNING:django.request:Not Found: /xmlrpc.php
WARNING:django.request:Not Found: /favicon.ico
WARNING:django.request:Not Found: /robots.txt
WARNING:django.request:Not Found: /index.php
WARNING:django.request:Not Found: /apple-touch-icon-57x57-precomposed.png
WARNING:django.request:Not Found: /favicon.ico
WARNING:django.request:Not Found: /robots.txt
WARNING:django.request:Not Found: /favicon.ico
WARNING:django.request:Not Found: /favicon.ico
WARNING:django.request:Not Found: /favicon.ico
WARNING:django.request:Not Found: /robots.txt
WARNING:django.request:Not Found: /favicon.ico
WARNING:django.request:Not Found: /favicon.ico
WARNING:django.request:Not Found: /favicon.ico
WARNING:django.request:Not Found: /favicon.ico
WARNING:django.request:Not Found: /index.php
WARNING:django.request:Not Found: /favicon.ico
WARNING:django.request:Not Found: /favicon.ico
WARNING:django.request:Not Found: /favicon.ico
WARNING:django.request:Not Found: /favicon.ico
WARNING:django.request:Not Found: /favicon.ico
WARNING:django.request:Not Found: /favicon.ico
WARNING:django.request:Not Found: /favicon.ico
WARNING:django.request:Not Found: /apple-touch-icon.png
WARNING:django.request:Not Found: /favicon.ico
WARNING:django.request:Not Found: /favicon.ico
WARNING:django.request:Not Found: /favicon.ico
WARNING:django.request:Not Found: /favicon.ico
WARNING:django.request:Not Found: /favicon.ico
WARNING:django.request:Not Found: /favicon.ico
WARNING:django.request:Not Found: /favicon.ico
WARNING:django.request:Not Found: /apple-touch-icon.png
WARNING:django.request:Not Found: /apple-touch-icon-57x57.png
WARNING:django.request:Not Found: /favicon.ico
WARNING:django.request:Not Found: /favicon.ico
WARNING:django.request:Not Found: /favicon.ico
WARNING:django.request:Not Found: /favicon.ico
WARNING:django.request:Not Found: /robots.txt
WARNING:django.request:Not Found: /robots.txt
WARNING:django.request:Not Found: /apple-touch-icon-precomposed.png
WARNING:django.request:Not Found: /favicon.ico
WARNING:django.request:Not Found: /favicon.ico
WARNING:django.request:Not Found: /favicon.ico
WARNING:django.request:Not Found: /favicon.ico
WARNING:django.request:Not Found: /robots.txt
WARNING:django.request:Not Found: /favicon.ico
WARNING:django.request:Not Found: /favicon.ico
WARNING:django.request:Not Found: /favicon.ico
WARNING:django.request:Not Found: /favicon.ico
WARNING:django.request:Not Found: /favicon.ico
WARNING:django.request:Not Found: /favicon.ico
WARNING:django.request:Not Found: /favicon.ico
WARNING:django.request:Not Found: /favicon.ico
WARNING:django.request:Not Found: /favicon.ico
WARNING:django.request:Not Found: /favicon.ico
WARNING:django.request:Not Found: /favicon.ico
WARNING:django.request:Not Found: /favicon.ico
WARNING:django.request:Not Found: /favicon.ico
WARNING:django.request:Not Found: /favicon.ico
WARNING:django.request:Not Found: /favicon.ico
WARNING:django.request:Not Found: /robots.txt
WARNING:django.request:Not Found: /favicon.ico
WARNING:django.request:Not Found: /favicon.ico
WARNING:django.request:Not Found: /favicon.ico
WARNING:django.request:Not Found: /favicon.ico
WARNING:django.request:Not Found: /robots.txt
WARNING:django.request:Not Found: /favicon.ico
WARNING:django.request:Not Found: /favicon.ico
WARNING:django.request:Not Found: /favicon.ico
WARNING:django.request:Not Found: /favicon.ico
WARNING:django.request:Not Found: /favicon.ico
WARNING:django.request:Not Found: /favicon.ico
WARNING:django.request:Not Found: /favicon.ico
WARNING:django.request:Not Found: /favicon.ico
WARNING:django.request:Not Found: /favicon.ico
WARNING:django.request:Not Found: /favicon.ico
WARNING:django.request:Not Found: /favicon.ico
WARNING:django.request:Not Found: /favicon.ico
WARNING:django.request:Not Found: /robots.txt
WARNING:django.request:Not Found: /robots.txt
WARNING:django.request:Not Found: /favicon.ico
WARNING:django.request:Not Found: /wp-includes/wlwmanifest.xml
WARNING:django.request:Not Found: /xmlrpc.php
WARNING:django.request:Not Found: /blog/wp-includes/wlwmanifest.xml
WARNING:django.request:Not Found: /web/wp-includes/wlwmanifest.xml
WARNING:django.request:Not Found: /wordpress/wp-includes/wlwmanifest.xml
WARNING:django.request:Not Found: /website/wp-includes/wlwmanifest.xml
WARNING:django.request:Not Found: /wp/wp-includes/wlwmanifest.xml
WARNING:django.request:Not Found: /news/wp-includes/wlwmanifest.xml
WARNING:django.request:Not Found: /2018/wp-includes/wlwmanifest.xml
WARNING:django.request:Not Found: /2019/wp-includes/wlwmanifest.xml
WARNING:django.request:Not Found: /shop/wp-includes/wlwmanifest.xml
WARNING:django.request:Not Found: /wp1/wp-includes/wlwmanifest.xml
WARNING:django.request:Not Found: /test/wp-includes/wlwmanifest.xml
WARNING:django.request:Not Found: /media/wp-includes/wlwmanifest.xml
WARNING:django.request:Not Found: /wp2/wp-includes/wlwmanifest.xml
WARNING:django.request:Not Found: /site/wp-includes/wlwmanifest.xml
WARNING:django.request:Not Found: /cms/wp-includes/wlwmanifest.xml
WARNING:django.request:Not Found: /sito/wp-includes/wlwmanifest.xml
WARNING:django.request:Not Found: /favicon.ico
WARNING:django.request:Not Found: /favicon.ico
WARNING:django.request:Not Found: /robots.txt
WARNING:django.request:Not Found: /favicon.ico
WARNING:django.request:Not Found: /apple-touch-icon-57x57-precomposed.png
WARNING:django.request:Not Found: /favicon.ico
Traceback (most recent call last):
  File "server.py", line 8, in <module>
    serve(application, threads=5, port='8800', host='127.0.0.1')
  File "/home/students/Networks/networks/lib/python3.6/site-packages/waitress/__init__.py", line 12, in serve
    server = _server(app, **kw)
  File "/home/students/Networks/networks/lib/python3.6/site-packages/waitress/server.py", line 88, in create_server
    sockinfo=sockinfo,
  File "/home/students/Networks/networks/lib/python3.6/site-packages/waitress/server.py", line 239, in __init__
    self.bind_server_socket()
  File "/home/students/Networks/networks/lib/python3.6/site-packages/waitress/server.py", line 368, in bind_server_socket
    self.bind(sockaddr)
  File "/home/students/Networks/networks/lib/python3.6/site-packages/waitress/wasyncore.py", line 398, in bind
    return self.socket.bind(addr)
OSError: [Errno 98] Address already in use

During handling of the above exception, another exception occurred:

Traceback (most recent call last):
  File "server.py", line 10, in <module>
    serve(application, threads=5, port='8801', host='127.0.0.1')
  File "/home/students/Networks/networks/lib/python3.6/site-packages/waitress/__init__.py", line 12, in serve
    server = _server(app, **kw)
  File "/home/students/Networks/networks/lib/python3.6/site-packages/waitress/server.py", line 88, in create_server
    sockinfo=sockinfo,
  File "/home/students/Networks/networks/lib/python3.6/site-packages/waitress/server.py", line 239, in __init__
    self.bind_server_socket()
  File "/home/students/Networks/networks/lib/python3.6/site-packages/waitress/server.py", line 368, in bind_server_socket
    self.bind(sockaddr)
  File "/home/students/Networks/networks/lib/python3.6/site-packages/waitress/wasyncore.py", line 398, in bind
    return self.socket.bind(addr)
OSError: [Errno 98] Address already in use
WARNING:django.request:Not Found: /favicon.ico
WARNING:django.request:Not Found: /wp-includes/wlwmanifest.xml
WARNING:django.request:Not Found: /xmlrpc.php
WARNING:django.request:Not Found: /blog/wp-includes/wlwmanifest.xml
WARNING:django.request:Not Found: /web/wp-includes/wlwmanifest.xml
WARNING:django.request:Not Found: /wordpress/wp-includes/wlwmanifest.xml
WARNING:django.request:Not Found: /website/wp-includes/wlwmanifest.xml
WARNING:django.request:Not Found: /wp/wp-includes/wlwmanifest.xml
WARNING:django.request:Not Found: /news/wp-includes/wlwmanifest.xml
WARNING:django.request:Not Found: /2018/wp-includes/wlwmanifest.xml
WARNING:django.request:Not Found: /2019/wp-includes/wlwmanifest.xml
WARNING:django.request:Not Found: /shop/wp-includes/wlwmanifest.xml
WARNING:django.request:Not Found: /wp1/wp-includes/wlwmanifest.xml
WARNING:django.request:Not Found: /test/wp-includes/wlwmanifest.xml
WARNING:django.request:Not Found: /media/wp-includes/wlwmanifest.xml
WARNING:django.request:Not Found: /wp2/wp-includes/wlwmanifest.xml
WARNING:django.request:Not Found: /site/wp-includes/wlwmanifest.xml
WARNING:django.request:Not Found: /cms/wp-includes/wlwmanifest.xml
WARNING:django.request:Not Found: /sito/wp-includes/wlwmanifest.xml
WARNING:django.request:Not Found: /favicon.ico
WARNING:django.request:Not Found: /favicon.ico
WARNING:django.request:Not Found: /favicon.ico
WARNING:django.request:Not Found: /favicon.ico
WARNING:django.request:Not Found: /favicon.ico
WARNING:django.request:Not Found: /robots.txt
WARNING:django.request:Not Found: /favicon.ico
WARNING:django.request:Not Found: /favicon.ico
WARNING:django.request:Not Found: /favicon.ico
WARNING:django.request:Not Found: /favicon.ico
WARNING:django.request:Not Found: /favicon.ico
WARNING:django.request:Not Found: /robots.txt
WARNING:django.request:Not Found: /favicon.ico
WARNING:django.request:Not Found: /favicon.ico
WARNING:django.request:Not Found: /data/admin/allowurl.txt
WARNING:django.request:Not Found: /favicon.ico
WARNING:django.request:Not Found: /favicon.ico
WARNING:django.request:Not Found: /robots.txt
WARNING:django.request:Not Found: /favicon.ico
WARNING:django.request:Not Found: /favicon.ico
WARNING:django.request:Not Found: /apple-touch-icon-57x57.png
WARNING:django.request:Not Found: /favicon.ico
WARNING:django.request:Not Found: /apple-touch-icon.png
WARNING:django.request:Not Found: /favicon.ico
WARNING:django.request:Not Found: /favicon.ico
WARNING:django.request:Not Found: /robots.txt
WARNING:django.request:Not Found: /favicon.ico
WARNING:django.request:Not Found: /favicon.ico
WARNING:django.request:Not Found: /favicon.ico
WARNING:django.request:Not Found: /favicon.ico
WARNING:django.request:Not Found: /favicon.ico
WARNING:django.request:Not Found: /favicon.ico
WARNING:django.request:Not Found: /favicon.ico
WARNING:django.request:Not Found: /favicon.ico
WARNING:django.request:Not Found: /favicon.ico
WARNING:django.request:Not Found: /favicon.ico
WARNING:django.request:Not Found: /favicon.ico
WARNING:django.request:Not Found: /favicon.ico
WARNING:django.request:Not Found: /favicon.ico
WARNING:django.request:Not Found: /favicon.ico
WARNING:django.request:Not Found: /favicon.ico
WARNING:django.request:Not Found: /favicon.ico
WARNING:django.request:Not Found: /favicon.ico
WARNING:django.request:Not Found: /favicon.ico
WARNING:django.request:Not Found: /favicon.ico
WARNING:django.request:Not Found: /favicon.ico
WARNING:django.request:Not Found: /favicon.ico
WARNING:django.request:Not Found: /favicon.ico
WARNING:django.request:Not Found: /favicon.ico
WARNING:django.request:Not Found: /favicon.ico
WARNING:django.request:Not Found: /favicon.ico
WARNING:django.request:Not Found: /favicon.ico
WARNING:django.request:Not Found: /admin/login.php
WARNING:django.request:Not Found: /dede/login.php
WARNING:django.request:Not Found: /favicon.ico
WARNING:django.request:Not Found: /favicon.ico
WARNING:django.request:Not Found: /robots.txt
WARNING:django.request:Not Found: /favicon.ico
WARNING:django.request:Not Found: /favicon.ico
WARNING:django.request:Not Found: /favicon.ico
WARNING:django.request:Not Found: /favicon.ico
WARNING:django.request:Not Found: /favicon.ico
WARNING:django.request:Not Found: /favicon.ico
WARNING:django.request:Not Found: /favicon.ico
WARNING:django.request:Not Found: /favicon.ico
WARNING:django.request:Not Found: /favicon.ico
WARNING:django.request:Not Found: /favicon.ico
WARNING:django.request:Not Found: /favicon.ico
WARNING:django.request:Not Found: /favicon.ico
WARNING:django.request:Not Found: /favicon.ico
WARNING:django.request:Not Found: /favicon.ico
WARNING:django.request:Not Found: /robots.txt
WARNING:django.request:Not Found: /apple-touch-icon-57x57-precomposed.png
WARNING:django.request:Not Found: /robots.txt
WARNING:django.request:Not Found: /favicon.ico
WARNING:django.request:Not Found: /apple-touch-icon.png
WARNING:django.request:Not Found: /data/admin/allowurl.txt
WARNING:django.request:Not Found: /robots.txt
WARNING:django.request:Not Found: /apple-touch-icon.png
WARNING:django.request:Not Found: /favicon.ico
WARNING:django.request:Not Found: /favicon.ico
WARNING:django.request:Not Found: /favicon.ico
WARNING:django.request:Not Found: /favicon.ico
WARNING:django.request:Not Found: /favicon.ico
WARNING:django.request:Not Found: /favicon.ico
WARNING:django.request:Not Found: /apple-touch-icon.png
WARNING:django.request:Not Found: /favicon.ico
WARNING:django.request:Not Found: /favicon.ico
WARNING:django.request:Not Found: /favicon.ico
WARNING:django.request:Not Found: /browserconfig.xml
WARNING:django.request:Not Found: /favicon.ico
WARNING:django.request:Not Found: /favicon.ico
WARNING:django.request:Not Found: /robots.txt
WARNING:django.request:Not Found: /favicon.ico
WARNING:django.request:Not Found: /favicon.ico
WARNING:django.request:Not Found: /favicon.ico
WARNING:django.request:Not Found: /favicon.ico
WARNING:django.request:Not Found: /apple-touch-icon.png
WARNING:django.request:Not Found: /apple-touch-icon-57x57.png
WARNING:django.request:Not Found: /favicon.ico
WARNING:django.request:Not Found: /robots.txt
WARNING:django.request:Not Found: /favicon.ico
WARNING:django.request:Not Found: /apple-touch-icon-precomposed.png
WARNING:django.request:Not Found: /favicon.ico
WARNING:django.request:Not Found: /favicon.ico
WARNING:django.request:Not Found: /apple-touch-icon.png
WARNING:django.request:Not Found: /favicon.ico
WARNING:django.request:Not Found: /favicon.ico
WARNING:django.request:Not Found: /xxsssseee
WARNING:django.request:Not Found: /css/album.css
WARNING:django.request:Not Found: /favicon.ico
WARNING:django.request:Not Found: /robots.txt
WARNING:django.request:Not Found: /favicon.ico
WARNING:django.request:Not Found: /robots.txt
WARNING:django.request:Not Found: /favicon.ico
WARNING:django.request:Not Found: /favicon.ico
WARNING:django.request:Not Found: /e/data/js/ajax.js
WARNING:django.request:Not Found: /favicon.ico
WARNING:django.request:Not Found: /favicon.ico
WARNING:django.request:Not Found: /favicon.ico
WARNING:django.request:Not Found: /favicon.ico
WARNING:django.request:Not Found: /favicon.ico
WARNING:django.request:Not Found: /favicon.ico
WARNING:django.request:Not Found: /favicon.ico
WARNING:django.request:Not Found: /favicon.ico
WARNING:django.request:Not Found: /robots.txt
WARNING:django.request:Not Found: /apple-touch-icon.png
WARNING:django.request:Not Found: /favicon.ico
WARNING:django.request:Not Found: /favicon.ico
WARNING:django.request:Not Found: /apple-touch-icon-57x57.png
WARNING:django.request:Not Found: /favicon.ico
WARNING:django.request:Not Found: /favicon.ico
WARNING:django.request:Not Found: /css/album.css
WARNING:django.request:Not Found: /e/admin/index.php
WARNING:django.request:Not Found: /favicon.ico
WARNING:django.request:Not Found: /favicon.ico
WARNING:django.request:Not Found: /favicon.ico
WARNING:django.request:Not Found: /favicon.ico
WARNING:django.request:Not Found: /favicon.ico
WARNING:django.request:Not Found: /apple-touch-icon-precomposed.png
WARNING:django.request:Not Found: /robots.txt
WARNING:django.request:Not Found: /robots.txt
WARNING:django.request:Not Found: /favicon.ico
WARNING:django.request:Not Found: /favicon.ico
WARNING:django.request:Not Found: /apple-touch-icon-precomposed.png
WARNING:django.request:Not Found: /apple-touch-icon-precomposed.png
WARNING:django.request:Not Found: /favicon.ico
WARNING:django.request:Not Found: /xxxss
WARNING:django.request:Not Found: /favicon.ico
WARNING:django.request:Not Found: /favicon.ico
WARNING:django.request:Not Found: /favicon.ico
WARNING:django.request:Not Found: /favicon.ico
WARNING:django.request:Not Found: /robots.txt
WARNING:django.request:Not Found: /apple-touch-icon-precomposed.png
WARNING:django.request:Not Found: /favicon.ico
WARNING:django.request:Not Found: /favicon.ico
WARNING:django.request:Not Found: /apple-touch-icon-precomposed.png
WARNING:django.request:Not Found: /data/admin/allowurl.txt
WARNING:django.request:Not Found: /apple-touch-icon-precomposed.png
WARNING:django.request:Not Found: /favicon.ico
WARNING:django.request:Not Found: /wp-login.php
WARNING:django.request:Not Found: /vendor/phpunit/phpunit/phpunit.xsd
WARNING:django.request:Not Found: /robots.txt
WARNING:django.request:Not Found: /favicon.ico
WARNING:django.request:Not Found: /robots.txt
WARNING:django.request:Not Found: /favicon.ico
WARNING:django.request:Not Found: /favicon.ico
WARNING:django.request:Not Found: /xmlrpc.php
WARNING:django.request:Not Found: /xmlrpc.php
WARNING:django.request:Not Found: /favicon.ico
WARNING:django.request:Not Found: /robots.txt
WARNING:django.request:Not Found: /favicon.ico
WARNING:django.request:Not Found: /favicon.ico
WARNING:django.request:Not Found: /favicon.ico
WARNING:django.request:Not Found: /robots.txt
WARNING:django.request:Not Found: /favicon.ico
WARNING:django.request:Not Found: /apple-touch-icon-57x57-precomposed.png
WARNING:django.request:Not Found: /robots.txt
WARNING:django.request:Not Found: /data/admin/allowurl.txt
WARNING:django.request:Not Found: /data/admin/allowurl.txt
WARNING:django.request:Not Found: /robots.txt
WARNING:django.request:Not Found: /robots.txt
WARNING:django.request:Not Found: /sitemap.xml
WARNING:django.request:Not Found: /favicon.ico
WARNING:django.request:Not Found: /favicon.ico
WARNING:django.request:Not Found: /favicon.ico
WARNING:django.request:Not Found: /favicon.ico
WARNING:django.request:Not Found: /favicon.ico
